# JRE version: OpenJDK Runtime Environment Temurin-21.0.10+7 (21.0.10+7) (build 21.0.10+7-LTS)
# Java VM: OpenJDK 64-Bit Server VM Temurin-21.0.10+7 (21.0.10+7-LTS, mixed mode, sharing, tiered, compressed oops, compressed class ptrs, parallel gc, windows-amd64)
GC Precious Log:
 CardTable entry size: 512
 CPUs: 8 total, 8 available
 Memory: 7379M
 Large Page Support: Disabled
 NUMA Support: Disabled
 Compressed Oops: Enabled (32-bit)
 Alignments: Space 512K, Generation 512K, Heap 2M
 Heap Min Capacity: 100M
 Heap Initial Capacity: 100M
 Heap Max Capacity: 2G
 Pre-touch: Disabled
 Parallel Workers: 8
Heap:
 PSYoungGen      total 14336K, used 7480K [0x00000000d5580000, 0x00000000d6880000, 0x0000000100000000)
  eden space 13824K, 54% used [0x00000000d5580000,0x00000000d5cce248,0x00000000d6300000)
  from space 512K, 0% used [0x00000000d6800000,0x00000000d6800000,0x00000000d6880000)
  to   space 512K, 0% used [0x00000000d6680000,0x00000000d6680000,0x00000000d6700000)
 ParOldGen       total 68608K, used 41135K [0x0000000080000000, 0x0000000084300000, 0x00000000d5580000)
  object space 68608K, 59% used [0x0000000080000000,0x000000008282bd10,0x0000000084300000)
 Metaspace       used 59357K, committed 60736K, reserved 1114112K
  class space    used 7016K, committed 7616K, reserved 1048576K
GC Heap History (20 events):
Event: 36.154 GC heap before
{Heap before GC invocations=32 (full 2):
 PSYoungGen      total 14336K, used 14336K [0x00000000d5580000, 0x00000000d6e00000, 0x0000000100000000)
  eden space 13824K, 100% used [0x00000000d5580000,0x00000000d6300000,0x00000000d6300000)
  from space 512K, 100% used [0x00000000d6300000,0x00000000d6380000,0x00000000d6380000)
  to   space 3584K, 0% used [0x00000000d6a80000,0x00000000d6a80000,0x00000000d6e00000)
 ParOldGen       total 68608K, used 37968K [0x0000000080000000, 0x0000000084300000, 0x00000000d5580000)
  object space 68608K, 55% used [0x0000000080000000,0x0000000082514098,0x0000000084300000)
 Metaspace       used 54942K, committed 56000K, reserved 1114112K
  class space    used 6269K, committed 6720K, reserved 1048576K
}
Event: 36.157 GC heap after
{Heap after GC invocations=32 (full 2):
 PSYoungGen      total 14848K, used 640K [0x00000000d5580000, 0x00000000d6b80000, 0x0000000100000000)
  eden space 13824K, 0% used [0x00000000d5580000,0x00000000d5580000,0x00000000d6300000)
  from space 1024K, 62% used [0x00000000d6a80000,0x00000000d6b20000,0x00000000d6b80000)
  to   space 1536K, 0% used [0x00000000d6880000,0x00000000d6880000,0x00000000d6a00000)
 ParOldGen       total 68608K, used 38360K [0x0000000080000000, 0x0000000084300000, 0x00000000d5580000)
  object space 68608K, 55% used [0x0000000080000000,0x00000000825760c8,0x0000000084300000)
 Metaspace       used 54942K, committed 56000K, reserved 1114112K
  class space    used 6269K, committed 6720K, reserved 1048576K
}
Event: 36.401 GC heap before
{Heap before GC invocations=33 (full 2):
 PSYoungGen      total 14848K, used 14464K [0x00000000d5580000, 0x00000000d6b80000, 0x0000000100000000)
  eden space 13824K, 100% used [0x00000000d5580000,0x00000000d6300000,0x00000000d6300000)
  from space 1024K, 62% used [0x00000000d6a80000,0x00000000d6b20000,0x00000000d6b80000)
  to   space 1536K, 0% used [0x00000000d6880000,0x00000000d6880000,0x00000000d6a00000)
 ParOldGen       total 68608K, used 38360K [0x0000000080000000, 0x0000000084300000, 0x00000000d5580000)
  object space 68608K, 55% used [0x0000000080000000,0x00000000825760c8,0x0000000084300000)
 Metaspace       used 54968K, committed 56064K, reserved 1114112K
  class space    used 6269K, committed 6720K, reserved 1048576K
}
Event: 36.403 GC heap after
{Heap after GC invocations=33 (full 2):
 PSYoungGen      total 15360K, used 416K [0x00000000d5580000, 0x00000000d6b00000, 0x0000000100000000)
  eden space 13824K, 0% used [0x00000000d5580000,0x00000000d5580000,0x00000000d6300000)
  from space 1536K, 27% used [0x00000000d6880000,0x00000000d68e8000,0x00000000d6a00000)
  to   space 1024K, 0% used [0x00000000d6a00000,0x00000000d6a00000,0x00000000d6b00000)
 ParOldGen       total 68608K, used 38887K [0x0000000080000000, 0x0000000084300000, 0x00000000d5580000)
  object space 68608K, 56% used [0x0000000080000000,0x00000000825f9d80,0x0000000084300000)
 Metaspace       used 54968K, committed 56064K, reserved 1114112K
  class space    used 6269K, committed 6720K, reserved 1048576K
}
Event: 36.763 GC heap before
{Heap before GC invocations=34 (full 2):
 PSYoungGen      total 15360K, used 14240K [0x00000000d5580000, 0x00000000d6b00000, 0x0000000100000000)
  eden space 13824K, 100% used [0x00000000d5580000,0x00000000d6300000,0x00000000d6300000)
  from space 1536K, 27% used [0x00000000d6880000,0x00000000d68e8000,0x00000000d6a00000)
  to   space 1024K, 0% used [0x00000000d6a00000,0x00000000d6a00000,0x00000000d6b00000)
 ParOldGen       total 68608K, used 38887K [0x0000000080000000, 0x0000000084300000, 0x00000000d5580000)
  object space 68608K, 56% used [0x0000000080000000,0x00000000825f9d80,0x0000000084300000)
 Metaspace       used 54972K, committed 56064K, reserved 1114112K
  class space    used 6269K, committed 6720K, reserved 1048576K
}
Event: 36.764 GC heap after
{Heap after GC invocations=34 (full 2):
 PSYoungGen      total 14848K, used 544K [0x00000000d5580000, 0x00000000d6b00000, 0x0000000100000000)
  eden space 13824K, 0% used [0x00000000d5580000,0x00000000d5580000,0x00000000d6300000)
  from space 1024K, 53% used [0x00000000d6a00000,0x00000000d6a88000,0x00000000d6b00000)
  to   space 1024K, 0% used [0x00000000d6900000,0x00000000d6900000,0x00000000d6a00000)
 ParOldGen       total 68608K, used 39175K [0x0000000080000000, 0x0000000084300000, 0x00000000d5580000)
  object space 68608K, 57% used [0x0000000080000000,0x0000000082641d80,0x0000000084300000)
 Metaspace       used 54972K, committed 56064K, reserved 1114112K
  class space    used 6269K, committed 6720K, reserved 1048576K
}
Event: 37.139 GC heap before
{Heap before GC invocations=35 (full 2):
 PSYoungGen      total 14848K, used 14368K [0x00000000d5580000, 0x00000000d6b00000, 0x0000000100000000)
  eden space 13824K, 100% used [0x00000000d5580000,0x00000000d6300000,0x00000000d6300000)
  from space 1024K, 53% used [0x00000000d6a00000,0x00000000d6a88000,0x00000000d6b00000)
  to   space 1024K, 0% used [0x00000000d6900000,0x00000000d6900000,0x00000000d6a00000)
 ParOldGen       total 68608K, used 39175K [0x0000000080000000, 0x0000000084300000, 0x00000000d5580000)
  object space 68608K, 57% used [0x0000000080000000,0x0000000082641d80,0x0000000084300000)
 Metaspace       used 54972K, committed 56064K, reserved 1114112K
  class space    used 6269K, committed 6720K, reserved 1048576K
}
Event: 37.140 GC heap after
{Heap after GC invocations=35 (full 2):
 PSYoungGen      total 14848K, used 416K [0x00000000d5580000, 0x00000000d6a80000, 0x0000000100000000)
  eden space 13824K, 0% used [0x00000000d5580000,0x00000000d5580000,0x00000000d6300000)
  from space 1024K, 40% used [0x00000000d6900000,0x00000000d6968000,0x00000000d6a00000)
  to   space 512K, 0% used [0x00000000d6a00000,0x00000000d6a00000,0x00000000d6a80000)
 ParOldGen       total 68608K, used 39575K [0x0000000080000000, 0x0000000084300000, 0x00000000d5580000)
  object space 68608K, 57% used [0x0000000080000000,0x00000000826a5d80,0x0000000084300000)
 Metaspace       used 54972K, committed 56064K, reserved 1114112K
  class space    used 6269K, committed 6720K, reserved 1048576K
}
Event: 37.432 GC heap before
{Heap before GC invocations=36 (full 2):
 PSYoungGen      total 14848K, used 14240K [0x00000000d5580000, 0x00000000d6a80000, 0x0000000100000000)
  eden space 13824K, 100% used [0x00000000d5580000,0x00000000d6300000,0x00000000d6300000)
  from space 1024K, 40% used [0x00000000d6900000,0x00000000d6968000,0x00000000d6a00000)
  to   space 512K, 0% used [0x00000000d6a00000,0x00000000d6a00000,0x00000000d6a80000)
 ParOldGen       total 68608K, used 39575K [0x0000000080000000, 0x0000000084300000, 0x00000000d5580000)
  object space 68608K, 57% used [0x0000000080000000,0x00000000826a5d80,0x0000000084300000)
 Metaspace       used 54985K, committed 56064K, reserved 1114112K
  class space    used 6270K, committed 6720K, reserved 1048576K
}
Event: 37.434 GC heap after
{Heap after GC invocations=36 (full 2):
 PSYoungGen      total 14336K, used 510K [0x00000000d5580000, 0x00000000d6d00000, 0x0000000100000000)
  eden space 13824K, 0% used [0x00000000d5580000,0x00000000d5580000,0x00000000d6300000)
  from space 512K, 99% used [0x00000000d6a00000,0x00000000d6a7fba0,0x00000000d6a80000)
  to   space 5120K, 0% used [0x00000000d6300000,0x00000000d6300000,0x00000000d6800000)
 ParOldGen       total 68608K, used 43233K [0x0000000080000000, 0x0000000084300000, 0x00000000d5580000)
  object space 68608K, 63% used [0x0000000080000000,0x0000000082a387e0,0x0000000084300000)
 Metaspace       used 54985K, committed 56064K, reserved 1114112K
  class space    used 6270K, committed 6720K, reserved 1048576K
}
Event: 37.925 GC heap before
{Heap before GC invocations=37 (full 2):
 PSYoungGen      total 14336K, used 14334K [0x00000000d5580000, 0x00000000d6d00000, 0x0000000100000000)
  eden space 13824K, 100% used [0x00000000d5580000,0x00000000d6300000,0x00000000d6300000)
  from space 512K, 99% used [0x00000000d6a00000,0x00000000d6a7fba0,0x00000000d6a80000)
  to   space 5120K, 0% used [0x00000000d6300000,0x00000000d6300000,0x00000000d6800000)
 ParOldGen       total 68608K, used 43233K [0x0000000080000000, 0x0000000084300000, 0x00000000d5580000)
  object space 68608K, 63% used [0x0000000080000000,0x0000000082a387e0,0x0000000084300000)
 Metaspace       used 55742K, committed 56896K, reserved 1114112K
  class space    used 6438K, committed 6912K, reserved 1048576K
}
Event: 37.928 GC heap after
{Heap after GC invocations=37 (full 2):
 PSYoungGen      total 18944K, used 832K [0x00000000d5580000, 0x00000000d6a80000, 0x0000000100000000)
  eden space 13824K, 0% used [0x00000000d5580000,0x00000000d5580000,0x00000000d6300000)
  from space 5120K, 16% used [0x00000000d6300000,0x00000000d63d0000,0x00000000d6800000)
  to   space 2048K, 0% used [0x00000000d6880000,0x00000000d6880000,0x00000000d6a80000)
 ParOldGen       total 68608K, used 43735K [0x0000000080000000, 0x0000000084300000, 0x00000000d5580000)
  object space 68608K, 63% used [0x0000000080000000,0x0000000082ab5f08,0x0000000084300000)
 Metaspace       used 55742K, committed 56896K, reserved 1114112K
  class space    used 6438K, committed 6912K, reserved 1048576K
}
Event: 38.327 GC heap before
{Heap before GC invocations=38 (full 2):
 PSYoungGen      total 18944K, used 14656K [0x00000000d5580000, 0x00000000d6a80000, 0x0000000100000000)
  eden space 13824K, 100% used [0x00000000d5580000,0x00000000d6300000,0x00000000d6300000)
  from space 5120K, 16% used [0x00000000d6300000,0x00000000d63d0000,0x00000000d6800000)
  to   space 2048K, 0% used [0x00000000d6880000,0x00000000d6880000,0x00000000d6a80000)
 ParOldGen       total 68608K, used 43735K [0x0000000080000000, 0x0000000084300000, 0x00000000d5580000)
  object space 68608K, 63% used [0x0000000080000000,0x0000000082ab5f08,0x0000000084300000)
 Metaspace       used 57061K, committed 58176K, reserved 1114112K
  class space    used 6632K, committed 7104K, reserved 1048576K
}
Event: 38.332 GC heap after
{Heap after GC invocations=38 (full 2):
 PSYoungGen      total 15872K, used 1632K [0x00000000d5580000, 0x00000000d6a80000, 0x0000000100000000)
  eden space 13824K, 0% used [0x00000000d5580000,0x00000000d5580000,0x00000000d6300000)
  from space 2048K, 79% used [0x00000000d6880000,0x00000000d6a18050,0x00000000d6a80000)
  to   space 2048K, 0% used [0x00000000d6680000,0x00000000d6680000,0x00000000d6880000)
 ParOldGen       total 68608K, used 44431K [0x0000000080000000, 0x0000000084300000, 0x00000000d5580000)
  object space 68608K, 64% used [0x0000000080000000,0x0000000082b63f18,0x0000000084300000)
 Metaspace       used 57061K, committed 58176K, reserved 1114112K
  class space    used 6632K, committed 7104K, reserved 1048576K
}
Event: 38.760 GC heap before
{Heap before GC invocations=39 (full 2):
 PSYoungGen      total 15872K, used 15456K [0x00000000d5580000, 0x00000000d6a80000, 0x0000000100000000)
  eden space 13824K, 100% used [0x00000000d5580000,0x00000000d6300000,0x00000000d6300000)
  from space 2048K, 79% used [0x00000000d6880000,0x00000000d6a18050,0x00000000d6a80000)
  to   space 2048K, 0% used [0x00000000d6680000,0x00000000d6680000,0x00000000d6880000)
 ParOldGen       total 68608K, used 44431K [0x0000000080000000, 0x0000000084300000, 0x00000000d5580000)
  object space 68608K, 64% used [0x0000000080000000,0x0000000082b63f18,0x0000000084300000)
 Metaspace       used 58494K, committed 59712K, reserved 1114112K
  class space    used 6890K, committed 7424K, reserved 1048576K
}
Event: 38.762 GC heap after
{Heap after GC invocations=39 (full 2):
 PSYoungGen      total 14336K, used 512K [0x00000000d5580000, 0x00000000d6900000, 0x0000000100000000)
  eden space 13824K, 0% used [0x00000000d5580000,0x00000000d5580000,0x00000000d6300000)
  from space 512K, 100% used [0x00000000d6680000,0x00000000d6700000,0x00000000d6700000)
  to   space 1024K, 0% used [0x00000000d6800000,0x00000000d6800000,0x00000000d6900000)
 ParOldGen       total 68608K, used 45031K [0x0000000080000000, 0x0000000084300000, 0x00000000d5580000)
  object space 68608K, 65% used [0x0000000080000000,0x0000000082bf9f38,0x0000000084300000)
 Metaspace       used 58494K, committed 59712K, reserved 1114112K
  class space    used 6890K, committed 7424K, reserved 1048576K
}
Event: 38.814 GC heap before
{Heap before GC invocations=40 (full 2):
 PSYoungGen      total 14336K, used 2042K [0x00000000d5580000, 0x00000000d6900000, 0x0000000100000000)
  eden space 13824K, 11% used [0x00000000d5580000,0x00000000d56fea78,0x00000000d6300000)
  from space 512K, 100% used [0x00000000d6680000,0x00000000d6700000,0x00000000d6700000)
  to   space 1024K, 0% used [0x00000000d6800000,0x00000000d6800000,0x00000000d6900000)
 ParOldGen       total 68608K, used 45031K [0x0000000080000000, 0x0000000084300000, 0x00000000d5580000)
  object space 68608K, 65% used [0x0000000080000000,0x0000000082bf9f38,0x0000000084300000)
 Metaspace       used 58602K, committed 59776K, reserved 1114112K
  class space    used 6917K, committed 7424K, reserved 1048576K
}
Event: 38.816 GC heap after
{Heap after GC invocations=40 (full 2):
 PSYoungGen      total 14336K, used 224K [0x00000000d5580000, 0x00000000d6880000, 0x0000000100000000)
  eden space 13824K, 0% used [0x00000000d5580000,0x00000000d5580000,0x00000000d6300000)
  from space 512K, 43% used [0x00000000d6800000,0x00000000d6838000,0x00000000d6880000)
  to   space 512K, 0% used [0x00000000d6680000,0x00000000d6680000,0x00000000d6700000)
 ParOldGen       total 68608K, used 45407K [0x0000000080000000, 0x0000000084300000, 0x00000000d5580000)
  object space 68608K, 66% used [0x0000000080000000,0x0000000082c57c48,0x0000000084300000)
 Metaspace       used 58602K, committed 59776K, reserved 1114112K
  class space    used 6917K, committed 7424K, reserved 1048576K
}
Event: 38.816 GC heap before
{Heap before GC invocations=41 (full 3):
 PSYoungGen      total 14336K, used 224K [0x00000000d5580000, 0x00000000d6880000, 0x0000000100000000)
  eden space 13824K, 0% used [0x00000000d5580000,0x00000000d5580000,0x00000000d6300000)
  from space 512K, 43% used [0x00000000d6800000,0x00000000d6838000,0x00000000d6880000)
  to   space 512K, 0% used [0x00000000d6680000,0x00000000d6680000,0x00000000d6700000)
 ParOldGen       total 68608K, used 45407K [0x0000000080000000, 0x0000000084300000, 0x00000000d5580000)
  object space 68608K, 66% used [0x0000000080000000,0x0000000082c57c48,0x0000000084300000)
 Metaspace       used 58602K, committed 59776K, reserved 1114112K
  class space    used 6917K, committed 7424K, reserved 1048576K
}
Event: 38.902 GC heap after
{Heap after GC invocations=41 (full 3):
 PSYoungGen      total 14336K, used 0K [0x00000000d5580000, 0x00000000d6880000, 0x0000000100000000)
  eden space 13824K, 0% used [0x00000000d5580000,0x00000000d5580000,0x00000000d6300000)
  from space 512K, 0% used [0x00000000d6800000,0x00000000d6800000,0x00000000d6880000)
  to   space 512K, 0% used [0x00000000d6680000,0x00000000d6680000,0x00000000d6700000)
 ParOldGen       total 68608K, used 41135K [0x0000000080000000, 0x0000000084300000, 0x00000000d5580000)
  object space 68608K, 59% used [0x0000000080000000,0x000000008282bd10,0x0000000084300000)
 Metaspace       used 58602K, committed 59776K, reserved 1114112K
  class space    used 6917K, committed 7424K, reserved 1048576K
}

