# JRE version: OpenJDK Runtime Environment Temurin-21.0.10+7 (21.0.10+7) (build 21.0.10+7-LTS)
# Java VM: OpenJDK 64-Bit Server VM Temurin-21.0.10+7 (21.0.10+7-LTS, mixed mode, sharing, tiered, compressed oops, compressed class ptrs, parallel gc, windows-amd64)
GC Precious Log:
 CardTable entry size: 512
 CPUs: 8 total, 8 available
 Memory: 7379M
 Large Page Support: Disabled
 NUMA Support: Disabled
 Compressed Oops: Enabled (32-bit)
 Alignments: Space 512K, Generation 512K, Heap 2M
 Heap Min Capacity: 100M
 Heap Initial Capacity: 100M
 Heap Max Capacity: 2G
 Pre-touch: Disabled
 Parallel Workers: 8
Heap:
 PSYoungGen      total 14336K, used 2197K [0x00000000d5580000, 0x00000000d6580000, 0x0000000100000000)
  eden space 13312K, 8% used [0x00000000d5580000,0x00000000d56a7238,0x00000000d6280000)
  from space 1024K, 99% used [0x00000000d6380000,0x00000000d647e1d8,0x00000000d6480000)
  to   space 1024K, 0% used [0x00000000d6480000,0x00000000d6480000,0x00000000d6580000)
 ParOldGen       total 68608K, used 48036K [0x0000000080000000, 0x0000000084300000, 0x00000000d5580000)
  object space 68608K, 70% used [0x0000000080000000,0x0000000082ee90e0,0x0000000084300000)
 Metaspace       used 69518K, committed 70912K, reserved 1114112K
  class space    used 8783K, committed 9344K, reserved 1048576K
GC Heap History (20 events):
Event: 94.039 GC heap before
{Heap before GC invocations=50 (full 3):
 PSYoungGen      total 13824K, used 13806K [0x00000000d5580000, 0x00000000d6580000, 0x0000000100000000)
  eden space 13312K, 100% used [0x00000000d5580000,0x00000000d6280000,0x00000000d6280000)
  from space 512K, 96% used [0x00000000d6500000,0x00000000d657bb68,0x00000000d6580000)
  to   space 1536K, 0% used [0x00000000d6280000,0x00000000d6280000,0x00000000d6400000)
 ParOldGen       total 68608K, used 41954K [0x0000000080000000, 0x0000000084300000, 0x00000000d5580000)
  object space 68608K, 61% used [0x0000000080000000,0x00000000828f8b28,0x0000000084300000)
 Metaspace       used 60221K, committed 61504K, reserved 1114112K
  class space    used 7588K, committed 8128K, reserved 1048576K
}
Event: 94.039 GC heap after
{Heap after GC invocations=50 (full 3):
 PSYoungGen      total 14848K, used 224K [0x00000000d5580000, 0x00000000d6580000, 0x0000000100000000)
  eden space 13312K, 0% used [0x00000000d5580000,0x00000000d5580000,0x00000000d6280000)
  from space 1536K, 14% used [0x00000000d6280000,0x00000000d62b8000,0x00000000d6400000)
  to   space 512K, 0% used [0x00000000d6500000,0x00000000d6500000,0x00000000d6580000)
 ParOldGen       total 68608K, used 42045K [0x0000000080000000, 0x0000000084300000, 0x00000000d5580000)
  object space 68608K, 61% used [0x0000000080000000,0x000000008290f4f0,0x0000000084300000)
 Metaspace       used 60221K, committed 61504K, reserved 1114112K
  class space    used 7588K, committed 8128K, reserved 1048576K
}
Event: 94.158 GC heap before
{Heap before GC invocations=51 (full 3):
 PSYoungGen      total 14848K, used 13536K [0x00000000d5580000, 0x00000000d6580000, 0x0000000100000000)
  eden space 13312K, 100% used [0x00000000d5580000,0x00000000d6280000,0x00000000d6280000)
  from space 1536K, 14% used [0x00000000d6280000,0x00000000d62b8000,0x00000000d6400000)
  to   space 512K, 0% used [0x00000000d6500000,0x00000000d6500000,0x00000000d6580000)
 ParOldGen       total 68608K, used 42045K [0x0000000080000000, 0x0000000084300000, 0x00000000d5580000)
  object space 68608K, 61% used [0x0000000080000000,0x000000008290f4f0,0x0000000084300000)
 Metaspace       used 60221K, committed 61504K, reserved 1114112K
  class space    used 7588K, committed 8128K, reserved 1048576K
}
Event: 94.159 GC heap after
{Heap after GC invocations=51 (full 3):
 PSYoungGen      total 13824K, used 499K [0x00000000d5580000, 0x00000000d6580000, 0x0000000100000000)
  eden space 13312K, 0% used [0x00000000d5580000,0x00000000d5580000,0x00000000d6280000)
  from space 512K, 97% used [0x00000000d6500000,0x00000000d657cfc0,0x00000000d6580000)
  to   space 1536K, 0% used [0x00000000d6280000,0x00000000d6280000,0x00000000d6400000)
 ParOldGen       total 68608K, used 42783K [0x0000000080000000, 0x0000000084300000, 0x00000000d5580000)
  object space 68608K, 62% used [0x0000000080000000,0x00000000829c7fe0,0x0000000084300000)
 Metaspace       used 60221K, committed 61504K, reserved 1114112K
  class space    used 7588K, committed 8128K, reserved 1048576K
}
Event: 94.256 GC heap before
{Heap before GC invocations=52 (full 3):
 PSYoungGen      total 13824K, used 13811K [0x00000000d5580000, 0x00000000d6580000, 0x0000000100000000)
  eden space 13312K, 100% used [0x00000000d5580000,0x00000000d6280000,0x00000000d6280000)
  from space 512K, 97% used [0x00000000d6500000,0x00000000d657cfc0,0x00000000d6580000)
  to   space 1536K, 0% used [0x00000000d6280000,0x00000000d6280000,0x00000000d6400000)
 ParOldGen       total 68608K, used 42783K [0x0000000080000000, 0x0000000084300000, 0x00000000d5580000)
  object space 68608K, 62% used [0x0000000080000000,0x00000000829c7fe0,0x0000000084300000)
 Metaspace       used 60221K, committed 61504K, reserved 1114112K
  class space    used 7588K, committed 8128K, reserved 1048576K
}
Event: 94.257 GC heap after
{Heap after GC invocations=52 (full 3):
 PSYoungGen      total 14848K, used 256K [0x00000000d5580000, 0x00000000d6580000, 0x0000000100000000)
  eden space 13312K, 0% used [0x00000000d5580000,0x00000000d5580000,0x00000000d6280000)
  from space 1536K, 16% used [0x00000000d6280000,0x00000000d62c0000,0x00000000d6400000)
  to   space 1024K, 0% used [0x00000000d6480000,0x00000000d6480000,0x00000000d6580000)
 ParOldGen       total 68608K, used 42831K [0x0000000080000000, 0x0000000084300000, 0x00000000d5580000)
  object space 68608K, 62% used [0x0000000080000000,0x00000000829d3fe0,0x0000000084300000)
 Metaspace       used 60221K, committed 61504K, reserved 1114112K
  class space    used 7588K, committed 8128K, reserved 1048576K
}
Event: 94.332 GC heap before
{Heap before GC invocations=53 (full 3):
 PSYoungGen      total 14848K, used 13568K [0x00000000d5580000, 0x00000000d6580000, 0x0000000100000000)
  eden space 13312K, 100% used [0x00000000d5580000,0x00000000d6280000,0x00000000d6280000)
  from space 1536K, 16% used [0x00000000d6280000,0x00000000d62c0000,0x00000000d6400000)
  to   space 1024K, 0% used [0x00000000d6480000,0x00000000d6480000,0x00000000d6580000)
 ParOldGen       total 68608K, used 42831K [0x0000000080000000, 0x0000000084300000, 0x00000000d5580000)
  object space 68608K, 62% used [0x0000000080000000,0x00000000829d3fe0,0x0000000084300000)
 Metaspace       used 60221K, committed 61504K, reserved 1114112K
  class space    used 7588K, committed 8128K, reserved 1048576K
}
Event: 94.333 GC heap after
{Heap after GC invocations=53 (full 3):
 PSYoungGen      total 14336K, used 943K [0x00000000d5580000, 0x00000000d6580000, 0x0000000100000000)
  eden space 13312K, 0% used [0x00000000d5580000,0x00000000d5580000,0x00000000d6280000)
  from space 1024K, 92% used [0x00000000d6480000,0x00000000d656bd20,0x00000000d6580000)
  to   space 1536K, 0% used [0x00000000d6280000,0x00000000d6280000,0x00000000d6400000)
 ParOldGen       total 68608K, used 42998K [0x0000000080000000, 0x0000000084300000, 0x00000000d5580000)
  object space 68608K, 62% used [0x0000000080000000,0x00000000829fdab0,0x0000000084300000)
 Metaspace       used 60221K, committed 61504K, reserved 1114112K
  class space    used 7588K, committed 8128K, reserved 1048576K
}
Event: 94.580 GC heap before
{Heap before GC invocations=54 (full 3):
 PSYoungGen      total 14336K, used 14255K [0x00000000d5580000, 0x00000000d6580000, 0x0000000100000000)
  eden space 13312K, 100% used [0x00000000d5580000,0x00000000d6280000,0x00000000d6280000)
  from space 1024K, 92% used [0x00000000d6480000,0x00000000d656bd20,0x00000000d6580000)
  to   space 1536K, 0% used [0x00000000d6280000,0x00000000d6280000,0x00000000d6400000)
 ParOldGen       total 68608K, used 42998K [0x0000000080000000, 0x0000000084300000, 0x00000000d5580000)
  object space 68608K, 62% used [0x0000000080000000,0x00000000829fdab0,0x0000000084300000)
 Metaspace       used 61191K, committed 62464K, reserved 1114112K
  class space    used 7721K, committed 8256K, reserved 1048576K
}
Event: 94.581 GC heap after
{Heap after GC invocations=54 (full 3):
 PSYoungGen      total 14848K, used 448K [0x00000000d5580000, 0x00000000d6500000, 0x0000000100000000)
  eden space 13312K, 0% used [0x00000000d5580000,0x00000000d5580000,0x00000000d6280000)
  from space 1536K, 29% used [0x00000000d6280000,0x00000000d62f0010,0x00000000d6400000)
  to   space 1024K, 0% used [0x00000000d6400000,0x00000000d6400000,0x00000000d6500000)
 ParOldGen       total 68608K, used 43046K [0x0000000080000000, 0x0000000084300000, 0x00000000d5580000)
  object space 68608K, 62% used [0x0000000080000000,0x0000000082a09ab0,0x0000000084300000)
 Metaspace       used 61191K, committed 62464K, reserved 1114112K
  class space    used 7721K, committed 8256K, reserved 1048576K
}
Event: 99.321 GC heap before
{Heap before GC invocations=55 (full 3):
 PSYoungGen      total 14848K, used 13760K [0x00000000d5580000, 0x00000000d6500000, 0x0000000100000000)
  eden space 13312K, 100% used [0x00000000d5580000,0x00000000d6280000,0x00000000d6280000)
  from space 1536K, 29% used [0x00000000d6280000,0x00000000d62f0010,0x00000000d6400000)
  to   space 1024K, 0% used [0x00000000d6400000,0x00000000d6400000,0x00000000d6500000)
 ParOldGen       total 68608K, used 43046K [0x0000000080000000, 0x0000000084300000, 0x00000000d5580000)
  object space 68608K, 62% used [0x0000000080000000,0x0000000082a09ab0,0x0000000084300000)
 Metaspace       used 62708K, committed 64000K, reserved 1114112K
  class space    used 7953K, committed 8512K, reserved 1048576K
}
Event: 99.324 GC heap after
{Heap after GC invocations=55 (full 3):
 PSYoungGen      total 13824K, used 448K [0x00000000d5580000, 0x00000000d6480000, 0x0000000100000000)
  eden space 13312K, 0% used [0x00000000d5580000,0x00000000d5580000,0x00000000d6280000)
  from space 512K, 87% used [0x00000000d6400000,0x00000000d6470010,0x00000000d6480000)
  to   space 512K, 0% used [0x00000000d6380000,0x00000000d6380000,0x00000000d6400000)
 ParOldGen       total 68608K, used 43382K [0x0000000080000000, 0x0000000084300000, 0x00000000d5580000)
  object space 68608K, 63% used [0x0000000080000000,0x0000000082a5daf0,0x0000000084300000)
 Metaspace       used 62708K, committed 64000K, reserved 1114112K
  class space    used 7953K, committed 8512K, reserved 1048576K
}
Event: 99.751 GC heap before
{Heap before GC invocations=56 (full 3):
 PSYoungGen      total 13824K, used 13757K [0x00000000d5580000, 0x00000000d6480000, 0x0000000100000000)
  eden space 13312K, 99% used [0x00000000d5580000,0x00000000d627f580,0x00000000d6280000)
  from space 512K, 87% used [0x00000000d6400000,0x00000000d6470010,0x00000000d6480000)
  to   space 512K, 0% used [0x00000000d6380000,0x00000000d6380000,0x00000000d6400000)
 ParOldGen       total 68608K, used 43382K [0x0000000080000000, 0x0000000084300000, 0x00000000d5580000)
  object space 68608K, 63% used [0x0000000080000000,0x0000000082a5daf0,0x0000000084300000)
 Metaspace       used 64024K, committed 65408K, reserved 1114112K
  class space    used 8111K, committed 8704K, reserved 1048576K
}
Event: 100.754 GC heap after
{Heap after GC invocations=56 (full 3):
 PSYoungGen      total 13824K, used 512K [0x00000000d5580000, 0x00000000d6880000, 0x0000000100000000)
  eden space 13312K, 0% used [0x00000000d5580000,0x00000000d5580000,0x00000000d6280000)
  from space 512K, 100% used [0x00000000d6380000,0x00000000d6400000,0x00000000d6400000)
  to   space 3072K, 0% used [0x00000000d6580000,0x00000000d6580000,0x00000000d6880000)
 ParOldGen       total 68608K, used 45496K [0x0000000080000000, 0x0000000084300000, 0x00000000d5580000)
  object space 68608K, 66% used [0x0000000080000000,0x0000000082c6e2c8,0x0000000084300000)
 Metaspace       used 64024K, committed 65408K, reserved 1114112K
  class space    used 8111K, committed 8704K, reserved 1048576K
}
Event: 101.323 GC heap before
{Heap before GC invocations=57 (full 3):
 PSYoungGen      total 13824K, used 13812K [0x00000000d5580000, 0x00000000d6880000, 0x0000000100000000)
  eden space 13312K, 99% used [0x00000000d5580000,0x00000000d627d000,0x00000000d6280000)
  from space 512K, 100% used [0x00000000d6380000,0x00000000d6400000,0x00000000d6400000)
  to   space 3072K, 0% used [0x00000000d6580000,0x00000000d6580000,0x00000000d6880000)
 ParOldGen       total 68608K, used 45496K [0x0000000080000000, 0x0000000084300000, 0x00000000d5580000)
  object space 68608K, 66% used [0x0000000080000000,0x0000000082c6e2c8,0x0000000084300000)
 Metaspace       used 65712K, committed 67072K, reserved 1114112K
  class space    used 8295K, committed 8896K, reserved 1048576K
}
Event: 101.325 GC heap after
{Heap after GC invocations=57 (full 3):
 PSYoungGen      total 14848K, used 1304K [0x00000000d5580000, 0x00000000d6700000, 0x0000000100000000)
  eden space 13312K, 0% used [0x00000000d5580000,0x00000000d5580000,0x00000000d6280000)
  from space 1536K, 84% used [0x00000000d6580000,0x00000000d66c61b8,0x00000000d6700000)
  to   space 2048K, 0% used [0x00000000d6300000,0x00000000d6300000,0x00000000d6500000)
 ParOldGen       total 68608K, used 46033K [0x0000000080000000, 0x0000000084300000, 0x00000000d5580000)
  object space 68608K, 67% used [0x0000000080000000,0x0000000082cf4528,0x0000000084300000)
 Metaspace       used 65712K, committed 67072K, reserved 1114112K
  class space    used 8295K, committed 8896K, reserved 1048576K
}
Event: 102.686 GC heap before
{Heap before GC invocations=58 (full 3):
 PSYoungGen      total 14848K, used 14616K [0x00000000d5580000, 0x00000000d6700000, 0x0000000100000000)
  eden space 13312K, 100% used [0x00000000d5580000,0x00000000d6280000,0x00000000d6280000)
  from space 1536K, 84% used [0x00000000d6580000,0x00000000d66c61b8,0x00000000d6700000)
  to   space 2048K, 0% used [0x00000000d6300000,0x00000000d6300000,0x00000000d6500000)
 ParOldGen       total 68608K, used 46033K [0x0000000080000000, 0x0000000084300000, 0x00000000d5580000)
  object space 68608K, 67% used [0x0000000080000000,0x0000000082cf4528,0x0000000084300000)
 Metaspace       used 67272K, committed 68608K, reserved 1114112K
  class space    used 8501K, committed 9088K, reserved 1048576K
}
Event: 102.688 GC heap after
{Heap after GC invocations=58 (full 3):
 PSYoungGen      total 15360K, used 682K [0x00000000d5580000, 0x00000000d6600000, 0x0000000100000000)
  eden space 13312K, 0% used [0x00000000d5580000,0x00000000d5580000,0x00000000d6280000)
  from space 2048K, 33% used [0x00000000d6300000,0x00000000d63aab48,0x00000000d6500000)
  to   space 1024K, 0% used [0x00000000d6500000,0x00000000d6500000,0x00000000d6600000)
 ParOldGen       total 68608K, used 47213K [0x0000000080000000, 0x0000000084300000, 0x00000000d5580000)
  object space 68608K, 68% used [0x0000000080000000,0x0000000082e1b538,0x0000000084300000)
 Metaspace       used 67272K, committed 68608K, reserved 1114112K
  class space    used 8501K, committed 9088K, reserved 1048576K
}
Event: 107.619 GC heap before
{Heap before GC invocations=59 (full 3):
 PSYoungGen      total 15360K, used 13994K [0x00000000d5580000, 0x00000000d6600000, 0x0000000100000000)
  eden space 13312K, 99% used [0x00000000d5580000,0x00000000d627ff20,0x00000000d6280000)
  from space 2048K, 33% used [0x00000000d6300000,0x00000000d63aab48,0x00000000d6500000)
  to   space 1024K, 0% used [0x00000000d6500000,0x00000000d6500000,0x00000000d6600000)
 ParOldGen       total 68608K, used 47213K [0x0000000080000000, 0x0000000084300000, 0x00000000d5580000)
  object space 68608K, 68% used [0x0000000080000000,0x0000000082e1b538,0x0000000084300000)
 Metaspace       used 68127K, committed 69504K, reserved 1114112K
  class space    used 8608K, committed 9216K, reserved 1048576K
}
Event: 107.621 GC heap after
{Heap after GC invocations=59 (full 3):
 PSYoungGen      total 13824K, used 484K [0x00000000d5580000, 0x00000000d6580000, 0x0000000100000000)
  eden space 13312K, 0% used [0x00000000d5580000,0x00000000d5580000,0x00000000d6280000)
  from space 512K, 94% used [0x00000000d6500000,0x00000000d65791e8,0x00000000d6580000)
  to   space 1024K, 0% used [0x00000000d6380000,0x00000000d6380000,0x00000000d6480000)
 ParOldGen       total 68608K, used 47736K [0x0000000080000000, 0x0000000084300000, 0x00000000d5580000)
  object space 68608K, 69% used [0x0000000080000000,0x0000000082e9e070,0x0000000084300000)
 Metaspace       used 68127K, committed 69504K, reserved 1114112K
  class space    used 8608K, committed 9216K, reserved 1048576K
}

