# JRE version: OpenJDK Runtime Environment Temurin-21.0.10+7 (21.0.10+7) (build 21.0.10+7-LTS)
# Java VM: OpenJDK 64-Bit Server VM Temurin-21.0.10+7 (21.0.10+7-LTS, mixed mode, sharing, tiered, compressed oops, compressed class ptrs, g1 gc, windows-amd64)
GC Precious Log:
 CardTable entry size: 512
 Card Set container configuration: InlinePtr #cards 4 size 8 Array Of Cards #cards 32 size 80 Howl #buckets 8 coarsen threshold 7372 Howl Bitmap #cards 1024 size 144 coarsen threshold 921 Card regions per heap region 1 cards per card region 8192
 CPUs: 8 total, 8 available
 Memory: 7379M
 Large Page Support: Disabled
 NUMA Support: Disabled
 Compressed Oops: Enabled (Zero based)
 Heap Region Size: 4M
 Heap Min Capacity: 8M
 Heap Initial Capacity: 116M
 Heap Max Capacity: 8G
 Pre-touch: Disabled
 Parallel Workers: 8
 Concurrent Workers: 2
 Concurrent Refinement Workers: 8
 Periodic GC: Disabled
Heap:
 garbage-first heap   total 102400K, used 30014K [0x0000000600000000, 0x0000000800000000)
  region size 4096K, 3 young (12288K), 2 survivors (8192K)
 Metaspace       used 35019K, committed 36288K, reserved 1114112K
  class space    used 5019K, committed 5632K, reserved 1048576K
GC Heap History (14 events):
Event: 0.809 GC heap before
{Heap before GC invocations=0 (full 0):
 garbage-first heap   total 118784K, used 20480K [0x0000000600000000, 0x0000000800000000)
  region size 4096K, 5 young (20480K), 0 survivors (0K)
 Metaspace       used 874K, committed 1024K, reserved 1114112K
  class space    used 71K, committed 128K, reserved 1048576K
}
Event: 0.815 GC heap after
{Heap after GC invocations=1 (full 0):
 garbage-first heap   total 118784K, used 1579K [0x0000000600000000, 0x0000000800000000)
  region size 4096K, 1 young (4096K), 1 survivors (4096K)
 Metaspace       used 874K, committed 1024K, reserved 1114112K
  class space    used 71K, committed 128K, reserved 1048576K
}
Event: 3.040 GC heap before
{Heap before GC invocations=1 (full 0):
 garbage-first heap   total 118784K, used 38443K [0x0000000600000000, 0x0000000800000000)
  region size 4096K, 10 young (40960K), 1 survivors (4096K)
 Metaspace       used 4536K, committed 4736K, reserved 1114112K
  class space    used 582K, committed 704K, reserved 1048576K
}
Event: 3.050 GC heap after
{Heap after GC invocations=2 (full 0):
 garbage-first heap   total 118784K, used 11667K [0x0000000600000000, 0x0000000800000000)
  region size 4096K, 2 young (8192K), 2 survivors (8192K)
 Metaspace       used 4536K, committed 4736K, reserved 1114112K
  class space    used 582K, committed 704K, reserved 1048576K
}
Event: 4.318 GC heap before
{Heap before GC invocations=2 (full 0):
 garbage-first heap   total 118784K, used 69011K [0x0000000600000000, 0x0000000800000000)
  region size 4096K, 16 young (65536K), 2 survivors (8192K)
 Metaspace       used 6210K, committed 6400K, reserved 1114112K
  class space    used 839K, committed 896K, reserved 1048576K
}
Event: 4.333 GC heap after
{Heap after GC invocations=3 (full 0):
 garbage-first heap   total 118784K, used 17730K [0x0000000600000000, 0x0000000800000000)
  region size 4096K, 2 young (8192K), 2 survivors (8192K)
 Metaspace       used 6210K, committed 6400K, reserved 1114112K
  class space    used 839K, committed 896K, reserved 1048576K
}
Event: 6.576 GC heap before
{Heap before GC invocations=3 (full 0):
 garbage-first heap   total 118784K, used 79170K [0x0000000600000000, 0x0000000800000000)
  region size 4096K, 17 young (69632K), 2 survivors (8192K)
 Metaspace       used 17184K, committed 17728K, reserved 1114112K
  class space    used 2435K, committed 2688K, reserved 1048576K
}
Event: 6.584 GC heap after
{Heap after GC invocations=4 (full 0):
 garbage-first heap   total 118784K, used 22214K [0x0000000600000000, 0x0000000800000000)
  region size 4096K, 2 young (8192K), 2 survivors (8192K)
 Metaspace       used 17184K, committed 17728K, reserved 1114112K
  class space    used 2435K, committed 2688K, reserved 1048576K
}
Event: 8.457 GC heap before
{Heap before GC invocations=4 (full 0):
 garbage-first heap   total 118784K, used 42694K [0x0000000600000000, 0x0000000800000000)
  region size 4096K, 9 young (36864K), 2 survivors (8192K)
 Metaspace       used 20836K, committed 21504K, reserved 1114112K
  class space    used 2916K, committed 3264K, reserved 1048576K
}
Event: 8.462 GC heap after
{Heap after GC invocations=5 (full 0):
 garbage-first heap   total 118784K, used 23325K [0x0000000600000000, 0x0000000800000000)
  region size 4096K, 2 young (8192K), 2 survivors (8192K)
 Metaspace       used 20836K, committed 21504K, reserved 1114112K
  class space    used 2916K, committed 3264K, reserved 1048576K
}
Event: 10.488 GC heap before
{Heap before GC invocations=6 (full 0):
 garbage-first heap   total 98304K, used 84765K [0x0000000600000000, 0x0000000800000000)
  region size 4096K, 17 young (69632K), 2 survivors (8192K)
 Metaspace       used 28507K, committed 29632K, reserved 1114112K
  class space    used 4161K, committed 4736K, reserved 1048576K
}
Event: 10.497 GC heap after
{Heap after GC invocations=7 (full 0):
 garbage-first heap   total 102400K, used 26807K [0x0000000600000000, 0x0000000800000000)
  region size 4096K, 3 young (12288K), 3 survivors (12288K)
 Metaspace       used 28507K, committed 29632K, reserved 1114112K
  class space    used 4161K, committed 4736K, reserved 1048576K
}
Event: 11.669 GC heap before
{Heap before GC invocations=7 (full 0):
 garbage-first heap   total 102400K, used 63671K [0x0000000600000000, 0x0000000800000000)
  region size 4096K, 14 young (57344K), 3 survivors (12288K)
 Metaspace       used 34685K, committed 35968K, reserved 1114112K
  class space    used 4968K, committed 5632K, reserved 1048576K
}
Event: 11.678 GC heap after
{Heap after GC invocations=8 (full 0):
 garbage-first heap   total 102400K, used 30014K [0x0000000600000000, 0x0000000800000000)
  region size 4096K, 2 young (8192K), 2 survivors (8192K)
 Metaspace       used 34685K, committed 35968K, reserved 1114112K
  class space    used 4968K, committed 5632K, reserved 1048576K
}

