# JRE version: Java(TM) SE Runtime Environment (25.0.2+10) (build 25.0.2+10-LTS-69)
# Java VM: Java HotSpot(TM) 64-Bit Server VM (25.0.2+10-LTS-69, mixed mode, sharing, tiered, compressed oops, compressed class ptrs, g1 gc, windows-amd64)
GC Precious Log:
 CardTable entry size: 512
 Card Set container configuration: InlinePtr #cards 4 size 8 Array Of Cards #cards 32 size 80 Howl #buckets 8 coarsen threshold 7372 Howl Bitmap #cards 1024 size 144 coarsen threshold 921 Card regions per heap region 1 cards per card region 8192
 CPUs: 8 total, 8 available
 Memory: 7379M
 Large Page Support: Disabled
 NUMA Support: Disabled
 Compressed Oops: Enabled (Zero based)
 Heap Region Size: 4M
 Heap Min Capacity: 8M
 Heap Initial Capacity: 116M
 Heap Max Capacity: 8G
 Pre-touch: Disabled
 Parallel Workers: 8
 Concurrent Workers: 2
 Concurrent Refinement Workers: 8
 Periodic GC: Disabled
Heap:
 garbage-first heap   total reserved 8388608K, committed 110592K, used 72201K [0x0000000600000000, 0x0000000800000000)
  region size 4096K, 10 young (40960K), 1 survivors (4096K)
GC Heap Usage History (18 events):
Event: 1.977 {heap Before GC invocations=0 (full 0):
 garbage-first heap   total reserved 8388608K, committed 122880K, used 54421K [0x0000000600000000, 0x0000000800000000)
  region size 4096K, 12 young (49152K), 0 survivors (0K)
}
Event: 1.992 {heap After GC invocations=1 (full 0):
 garbage-first heap   total reserved 8388608K, committed 122880K, used 12361K [0x0000000600000000, 0x0000000800000000)
  region size 4096K, 2 young (8192K), 2 survivors (8192K)
}
Event: 2.662 {heap Before GC invocations=1 (full 0):
 garbage-first heap   total reserved 8388608K, committed 122880K, used 57417K [0x0000000600000000, 0x0000000800000000)
  region size 4096K, 13 young (53248K), 2 survivors (8192K)
}
Event: 2.672 {heap After GC invocations=2 (full 0):
 garbage-first heap   total reserved 8388608K, committed 122880K, used 17300K [0x0000000600000000, 0x0000000800000000)
  region size 4096K, 2 young (8192K), 2 survivors (8192K)
}
Event: 4.463 {heap Before GC invocations=2 (full 0):
 garbage-first heap   total reserved 8388608K, committed 122880K, used 70548K [0x0000000600000000, 0x0000000800000000)
  region size 4096K, 15 young (61440K), 2 survivors (8192K)
}
Event: 4.471 {heap After GC invocations=3 (full 0):
 garbage-first heap   total reserved 8388608K, committed 122880K, used 22509K [0x0000000600000000, 0x0000000800000000)
  region size 4096K, 2 young (8192K), 2 survivors (8192K)
}
Event: 6.169 {heap Before GC invocations=3 (full 0):
 garbage-first heap   total reserved 8388608K, committed 122880K, used 71661K [0x0000000600000000, 0x0000000800000000)
  region size 4096K, 15 young (61440K), 2 survivors (8192K)
}
Event: 6.176 {heap After GC invocations=4 (full 0):
 garbage-first heap   total reserved 8388608K, committed 122880K, used 25091K [0x0000000600000000, 0x0000000800000000)
  region size 4096K, 1 young (4096K), 1 survivors (4096K)
}
Event: 8.069 {heap Before GC invocations=5 (full 0):
 garbage-first heap   total reserved 8388608K, committed 110592K, used 82435K [0x0000000600000000, 0x0000000800000000)
  region size 4096K, 16 young (65536K), 1 survivors (4096K)
}
Event: 8.075 {heap After GC invocations=6 (full 0):
 garbage-first heap   total reserved 8388608K, committed 110592K, used 30264K [0x0000000600000000, 0x0000000800000000)
  region size 4096K, 2 young (8192K), 2 survivors (8192K)
}
Event: 9.575 {heap Before GC invocations=6 (full 0):
 garbage-first heap   total reserved 8388608K, committed 110592K, used 75320K [0x0000000600000000, 0x0000000800000000)
  region size 4096K, 14 young (57344K), 2 survivors (8192K)
}
Event: 9.585 {heap After GC invocations=7 (full 0):
 garbage-first heap   total reserved 8388608K, committed 110592K, used 32257K [0x0000000600000000, 0x0000000800000000)
  region size 4096K, 1 young (4096K), 1 survivors (4096K)
}
Event: 10.014 {heap Before GC invocations=7 (full 0):
 garbage-first heap   total reserved 8388608K, committed 110592K, used 44545K [0x0000000600000000, 0x0000000800000000)
  region size 4096K, 5 young (20480K), 1 survivors (4096K)
}
Event: 10.018 {heap After GC invocations=8 (full 0):
 garbage-first heap   total reserved 8388608K, committed 110592K, used 32477K [0x0000000600000000, 0x0000000800000000)
  region size 4096K, 1 young (4096K), 1 survivors (4096K)
}
Event: 12.540 {heap Before GC invocations=9 (full 0):
 garbage-first heap   total reserved 8388608K, committed 110592K, used 85725K [0x0000000600000000, 0x0000000800000000)
  region size 4096K, 14 young (57344K), 1 survivors (4096K)
}
Event: 12.546 {heap After GC invocations=10 (full 0):
 garbage-first heap   total reserved 8388608K, committed 110592K, used 37686K [0x0000000600000000, 0x0000000800000000)
  region size 4096K, 2 young (8192K), 2 survivors (8192K)
}
Event: 13.496 {heap Before GC invocations=10 (full 0):
 garbage-first heap   total reserved 8388608K, committed 110592K, used 86838K [0x0000000600000000, 0x0000000800000000)
  region size 4096K, 14 young (57344K), 2 survivors (8192K)
}
Event: 13.503 {heap After GC invocations=11 (full 0):
 garbage-first heap   total reserved 8388608K, committed 110592K, used 39433K [0x0000000600000000, 0x0000000800000000)
  region size 4096K, 1 young (4096K), 1 survivors (4096K)
}

